<?xml version="1.0" encoding="UTF-8"?>
<testsuite xmlns:xsi="http://www.w3.org/2001/XMLSchema-instance" xsi:noNamespaceSchemaLocation="https://maven.apache.org/surefire/maven-surefire-plugin/xsd/surefire-test-report.xsd" name="com.example.demo.DemoApplicationTests" time="6.593" tests="1" errors="0" skipped="0" failures="0">
  <properties>
    <property name="gopherProxySet" value="false"/>
    <property name="awt.toolkit" value="sun.lwawt.macosx.LWCToolkit"/>
    <property name="file.encoding.pkg" value="sun.io"/>
    <property name="java.specification.version" value="1.8"/>
    <property name="sun.cpu.isalist" value=""/>
    <property name="sun.jnu.encoding" value="UTF-8"/>
    <property name="java.class.path" value="/Volumes/Untitled/research/kub_multi/grpc-by-example-java/springboot-example-lognet/target/test-classes:/Volumes/Untitled/research/kub_multi/grpc-by-example-java/springboot-example-lognet/target/classes:/Users/andrei/.m2/repository/com/google/guava/guava/27.1-jre/guava-27.1-jre.jar:/Users/andrei/.m2/repository/com/google/guava/failureaccess/1.0.1/failureaccess-1.0.1.jar:/Users/andrei/.m2/repository/com/google/guava/listenablefuture/9999.0-empty-to-avoid-conflict-with-guava/listenablefuture-9999.0-empty-to-avoid-conflict-with-guava.jar:/Users/andrei/.m2/repository/com/google/code/findbugs/jsr305/3.0.2/jsr305-3.0.2.jar:/Users/andrei/.m2/repository/org/checkerframework/checker-qual/2.5.2/checker-qual-2.5.2.jar:/Users/andrei/.m2/repository/com/google/errorprone/error_prone_annotations/2.2.0/error_prone_annotations-2.2.0.jar:/Users/andrei/.m2/repository/com/google/j2objc/j2objc-annotations/1.1/j2objc-annotations-1.1.jar:/Users/andrei/.m2/repository/org/codehaus/mojo/animal-sniffer-annotations/1.17/animal-sniffer-annotations-1.17.jar:/Users/andrei/.m2/repository/org/springframework/cloud/spring-cloud-gcp-starter/1.1.2.RELEASE/spring-cloud-gcp-starter-1.1.2.RELEASE.jar:/Users/andrei/.m2/repository/org/springframework/cloud/spring-cloud-gcp-core/1.1.2.RELEASE/spring-cloud-gcp-core-1.1.2.RELEASE.jar:/Users/andrei/.m2/repository/com/google/cloud/google-cloud-core/1.78.0/google-cloud-core-1.78.0.jar:/Users/andrei/.m2/repository/com/google/http-client/google-http-client/1.30.1/google-http-client-1.30.1.jar:/Users/andrei/.m2/repository/org/apache/httpcomponents/httpclient/4.5.9/httpclient-4.5.9.jar:/Users/andrei/.m2/repository/org/apache/httpcomponents/httpcore/4.4.11/httpcore-4.4.11.jar:/Users/andrei/.m2/repository/commons-codec/commons-codec/1.11/commons-codec-1.11.jar:/Users/andrei/.m2/repository/io/opencensus/opencensus-contrib-http-util/0.21.0/opencensus-contrib-http-util-0.21.0.jar:/Users/andrei/.m2/repository/com/google/api/api-common/1.8.1/api-common-1.8.1.jar:/Users/andrei/.m2/repository/com/google/api/gax/1.45.0/gax-1.45.0.jar:/Users/andrei/.m2/repository/org/threeten/threetenbp/1.3.3/threetenbp-1.3.3.jar:/Users/andrei/.m2/repository/com/google/auth/google-auth-library-oauth2-http/0.16.1/google-auth-library-oauth2-http-0.16.1.jar:/Users/andrei/.m2/repository/com/google/auth/google-auth-library-credentials/0.16.1/google-auth-library-credentials-0.16.1.jar:/Users/andrei/.m2/repository/com/google/http-client/google-http-client-jackson2/1.30.1/google-http-client-jackson2-1.30.1.jar:/Users/andrei/.m2/repository/com/google/api/grpc/proto-google-common-protos/1.16.0/proto-google-common-protos-1.16.0.jar:/Users/andrei/.m2/repository/com/google/api/grpc/proto-google-iam-v1/0.12.0/proto-google-iam-v1-0.12.0.jar:/Users/andrei/.m2/repository/org/springframework/spring-context/5.1.9.RELEASE/spring-context-5.1.9.RELEASE.jar:/Users/andrei/.m2/repository/org/springframework/spring-aop/5.1.9.RELEASE/spring-aop-5.1.9.RELEASE.jar:/Users/andrei/.m2/repository/org/springframework/spring-expression/5.1.9.RELEASE/spring-expression-5.1.9.RELEASE.jar:/Users/andrei/.m2/repository/org/springframework/cloud/spring-cloud-gcp-autoconfigure/1.1.2.RELEASE/spring-cloud-gcp-autoconfigure-1.1.2.RELEASE.jar:/Users/andrei/.m2/repository/org/springframework/boot/spring-boot-autoconfigure/2.1.7.RELEASE/spring-boot-autoconfigure-2.1.7.RELEASE.jar:/Users/andrei/.m2/repository/org/springframework/boot/spring-boot-starter/2.1.7.RELEASE/spring-boot-starter-2.1.7.RELEASE.jar:/Users/andrei/.m2/repository/org/springframework/boot/spring-boot/2.1.7.RELEASE/spring-boot-2.1.7.RELEASE.jar:/Users/andrei/.m2/repository/org/springframework/boot/spring-boot-starter-logging/2.1.7.RELEASE/spring-boot-starter-logging-2.1.7.RELEASE.jar:/Users/andrei/.m2/repository/ch/qos/logback/logback-classic/1.2.3/logback-classic-1.2.3.jar:/Users/andrei/.m2/repository/ch/qos/logback/logback-core/1.2.3/logback-core-1.2.3.jar:/Users/andrei/.m2/repository/org/apache/logging/log4j/log4j-to-slf4j/2.11.2/log4j-to-slf4j-2.11.2.jar:/Users/andrei/.m2/repository/org/apache/logging/log4j/log4j-api/2.11.2/log4j-api-2.11.2.jar:/Users/andrei/.m2/repository/org/slf4j/jul-to-slf4j/1.7.26/jul-to-slf4j-1.7.26.jar:/Users/andrei/.m2/repository/javax/annotation/javax.annotation-api/1.3.2/javax.annotation-api-1.3.2.jar:/Users/andrei/.m2/repository/org/yaml/snakeyaml/1.23/snakeyaml-1.23.jar:/Users/andrei/.m2/repository/org/slf4j/slf4j-api/1.7.26/slf4j-api-1.7.26.jar:/Users/andrei/.m2/repository/io/github/lognet/grpc-spring-boot-starter/3.2.0/grpc-spring-boot-starter-3.2.0.jar:/Users/andrei/.m2/repository/io/grpc/grpc-netty/1.19.0/grpc-netty-1.19.0.jar:/Users/andrei/.m2/repository/io/grpc/grpc-core/1.19.0/grpc-core-1.19.0.jar:/Users/andrei/.m2/repository/io/grpc/grpc-context/1.19.0/grpc-context-1.19.0.jar:/Users/andrei/.m2/repository/com/google/code/gson/gson/2.8.5/gson-2.8.5.jar:/Users/andrei/.m2/repository/io/opencensus/opencensus-api/0.19.2/opencensus-api-0.19.2.jar:/Users/andrei/.m2/repository/io/opencensus/opencensus-contrib-grpc-metrics/0.19.2/opencensus-contrib-grpc-metrics-0.19.2.jar:/Users/andrei/.m2/repository/io/netty/netty-codec-http2/4.1.38.Final/netty-codec-http2-4.1.38.Final.jar:/Users/andrei/.m2/repository/io/netty/netty-common/4.1.38.Final/netty-common-4.1.38.Final.jar:/Users/andrei/.m2/repository/io/netty/netty-buffer/4.1.38.Final/netty-buffer-4.1.38.Final.jar:/Users/andrei/.m2/repository/io/netty/netty-transport/4.1.38.Final/netty-transport-4.1.38.Final.jar:/Users/andrei/.m2/repository/io/netty/netty-resolver/4.1.38.Final/netty-resolver-4.1.38.Final.jar:/Users/andrei/.m2/repository/io/netty/netty-codec/4.1.38.Final/netty-codec-4.1.38.Final.jar:/Users/andrei/.m2/repository/io/netty/netty-handler/4.1.38.Final/netty-handler-4.1.38.Final.jar:/Users/andrei/.m2/repository/io/netty/netty-codec-http/4.1.38.Final/netty-codec-http-4.1.38.Final.jar:/Users/andrei/.m2/repository/io/netty/netty-handler-proxy/4.1.38.Final/netty-handler-proxy-4.1.38.Final.jar:/Users/andrei/.m2/repository/io/netty/netty-codec-socks/4.1.38.Final/netty-codec-socks-4.1.38.Final.jar:/Users/andrei/.m2/repository/io/grpc/grpc-services/1.19.0/grpc-services-1.19.0.jar:/Users/andrei/.m2/repository/io/grpc/grpc-protobuf/1.19.0/grpc-protobuf-1.19.0.jar:/Users/andrei/.m2/repository/com/google/protobuf/protobuf-java/3.6.1/protobuf-java-3.6.1.jar:/Users/andrei/.m2/repository/io/grpc/grpc-protobuf-lite/1.19.0/grpc-protobuf-lite-1.19.0.jar:/Users/andrei/.m2/repository/io/grpc/grpc-stub/1.19.0/grpc-stub-1.19.0.jar:/Users/andrei/.m2/repository/com/google/protobuf/protobuf-java-util/3.6.1/protobuf-java-util-3.6.1.jar:/Users/andrei/.m2/repository/com/google/re2j/re2j/1.2/re2j-1.2.jar:/Users/andrei/.m2/repository/org/springframework/boot/spring-boot-starter-activemq/2.1.7.RELEASE/spring-boot-starter-activemq-2.1.7.RELEASE.jar:/Users/andrei/.m2/repository/org/springframework/spring-jms/5.1.9.RELEASE/spring-jms-5.1.9.RELEASE.jar:/Users/andrei/.m2/repository/org/springframework/spring-beans/5.1.9.RELEASE/spring-beans-5.1.9.RELEASE.jar:/Users/andrei/.m2/repository/org/springframework/spring-messaging/5.1.9.RELEASE/spring-messaging-5.1.9.RELEASE.jar:/Users/andrei/.m2/repository/org/springframework/spring-tx/5.1.9.RELEASE/spring-tx-5.1.9.RELEASE.jar:/Users/andrei/.m2/repository/org/apache/activemq/activemq-broker/5.15.9/activemq-broker-5.15.9.jar:/Users/andrei/.m2/repository/org/apache/activemq/activemq-client/5.15.9/activemq-client-5.15.9.jar:/Users/andrei/.m2/repository/org/fusesource/hawtbuf/hawtbuf/1.11/hawtbuf-1.11.jar:/Users/andrei/.m2/repository/org/apache/geronimo/specs/geronimo-j2ee-management_1.1_spec/1.0.1/geronimo-j2ee-management_1.1_spec-1.0.1.jar:/Users/andrei/.m2/repository/org/apache/activemq/activemq-openwire-legacy/5.15.9/activemq-openwire-legacy-5.15.9.jar:/Users/andrei/.m2/repository/com/fasterxml/jackson/core/jackson-databind/2.9.9/jackson-databind-2.9.9.jar:/Users/andrei/.m2/repository/com/fasterxml/jackson/core/jackson-annotations/2.9.0/jackson-annotations-2.9.0.jar:/Users/andrei/.m2/repository/com/fasterxml/jackson/core/jackson-core/2.9.9/jackson-core-2.9.9.jar:/Users/andrei/.m2/repository/javax/jms/javax.jms-api/2.0.1/javax.jms-api-2.0.1.jar:/Users/andrei/.m2/repository/org/springframework/boot/spring-boot-starter-jdbc/2.1.7.RELEASE/spring-boot-starter-jdbc-2.1.7.RELEASE.jar:/Users/andrei/.m2/repository/com/zaxxer/HikariCP/3.2.0/HikariCP-3.2.0.jar:/Users/andrei/.m2/repository/org/springframework/spring-jdbc/5.1.9.RELEASE/spring-jdbc-5.1.9.RELEASE.jar:/Users/andrei/.m2/repository/org/hsqldb/hsqldb/2.4.1/hsqldb-2.4.1.jar:/Users/andrei/.m2/repository/org/springframework/boot/spring-boot-starter-test/2.1.7.RELEASE/spring-boot-starter-test-2.1.7.RELEASE.jar:/Users/andrei/.m2/repository/org/springframework/boot/spring-boot-test/2.1.7.RELEASE/spring-boot-test-2.1.7.RELEASE.jar:/Users/andrei/.m2/repository/org/springframework/boot/spring-boot-test-autoconfigure/2.1.7.RELEASE/spring-boot-test-autoconfigure-2.1.7.RELEASE.jar:/Users/andrei/.m2/repository/com/jayway/jsonpath/json-path/2.4.0/json-path-2.4.0.jar:/Users/andrei/.m2/repository/net/minidev/json-smart/2.3/json-smart-2.3.jar:/Users/andrei/.m2/repository/net/minidev/accessors-smart/1.2/accessors-smart-1.2.jar:/Users/andrei/.m2/repository/org/ow2/asm/asm/5.0.4/asm-5.0.4.jar:/Users/andrei/.m2/repository/junit/junit/4.12/junit-4.12.jar:/Users/andrei/.m2/repository/org/assertj/assertj-core/3.11.1/assertj-core-3.11.1.jar:/Users/andrei/.m2/repository/org/mockito/mockito-core/2.23.4/mockito-core-2.23.4.jar:/Users/andrei/.m2/repository/net/bytebuddy/byte-buddy/1.9.16/byte-buddy-1.9.16.jar:/Users/andrei/.m2/repository/net/bytebuddy/byte-buddy-agent/1.9.16/byte-buddy-agent-1.9.16.jar:/Users/andrei/.m2/repository/org/objenesis/objenesis/2.6/objenesis-2.6.jar:/Users/andrei/.m2/repository/org/hamcrest/hamcrest-core/1.3/hamcrest-core-1.3.jar:/Users/andrei/.m2/repository/org/hamcrest/hamcrest-library/1.3/hamcrest-library-1.3.jar:/Users/andrei/.m2/repository/org/skyscreamer/jsonassert/1.5.0/jsonassert-1.5.0.jar:/Users/andrei/.m2/repository/com/vaadin/external/google/android-json/0.0.20131108.vaadin1/android-json-0.0.20131108.vaadin1.jar:/Users/andrei/.m2/repository/org/springframework/spring-core/5.1.9.RELEASE/spring-core-5.1.9.RELEASE.jar:/Users/andrei/.m2/repository/org/springframework/spring-jcl/5.1.9.RELEASE/spring-jcl-5.1.9.RELEASE.jar:/Users/andrei/.m2/repository/org/springframework/spring-test/5.1.9.RELEASE/spring-test-5.1.9.RELEASE.jar:/Users/andrei/.m2/repository/org/xmlunit/xmlunit-core/2.6.3/xmlunit-core-2.6.3.jar:"/>
    <property name="java.vm.vendor" value="Oracle Corporation"/>
    <property name="sun.arch.data.model" value="64"/>
    <property name="java.vendor.url" value="http://java.oracle.com/"/>
    <property name="user.timezone" value=""/>
    <property name="java.vm.specification.version" value="1.8"/>
    <property name="os.name" value="Mac OS X"/>
    <property name="user.country" value="US"/>
    <property name="sun.java.launcher" value="SUN_STANDARD"/>
    <property name="sun.boot.library.path" value="/Library/Java/JavaVirtualMachines/jdk1.8.0_202.jdk/Contents/Home/jre/lib"/>
    <property name="sun.java.command" value="/Volumes/Untitled/research/kub_multi/grpc-by-example-java/springboot-example-lognet/target/surefire/surefirebooter4043206351565929936.jar /Volumes/Untitled/research/kub_multi/grpc-by-example-java/springboot-example-lognet/target/surefire 2019-11-23T18-58-55_649-jvmRun1 surefire7217869941237504320tmp surefire_03073014463256593198tmp"/>
    <property name="http.nonProxyHosts" value="local|*.local|169.254/16|*.169.254/16"/>
    <property name="surefire.test.class.path" value="/Volumes/Untitled/research/kub_multi/grpc-by-example-java/springboot-example-lognet/target/test-classes:/Volumes/Untitled/research/kub_multi/grpc-by-example-java/springboot-example-lognet/target/classes:/Users/andrei/.m2/repository/com/google/guava/guava/27.1-jre/guava-27.1-jre.jar:/Users/andrei/.m2/repository/com/google/guava/failureaccess/1.0.1/failureaccess-1.0.1.jar:/Users/andrei/.m2/repository/com/google/guava/listenablefuture/9999.0-empty-to-avoid-conflict-with-guava/listenablefuture-9999.0-empty-to-avoid-conflict-with-guava.jar:/Users/andrei/.m2/repository/com/google/code/findbugs/jsr305/3.0.2/jsr305-3.0.2.jar:/Users/andrei/.m2/repository/org/checkerframework/checker-qual/2.5.2/checker-qual-2.5.2.jar:/Users/andrei/.m2/repository/com/google/errorprone/error_prone_annotations/2.2.0/error_prone_annotations-2.2.0.jar:/Users/andrei/.m2/repository/com/google/j2objc/j2objc-annotations/1.1/j2objc-annotations-1.1.jar:/Users/andrei/.m2/repository/org/codehaus/mojo/animal-sniffer-annotations/1.17/animal-sniffer-annotations-1.17.jar:/Users/andrei/.m2/repository/org/springframework/cloud/spring-cloud-gcp-starter/1.1.2.RELEASE/spring-cloud-gcp-starter-1.1.2.RELEASE.jar:/Users/andrei/.m2/repository/org/springframework/cloud/spring-cloud-gcp-core/1.1.2.RELEASE/spring-cloud-gcp-core-1.1.2.RELEASE.jar:/Users/andrei/.m2/repository/com/google/cloud/google-cloud-core/1.78.0/google-cloud-core-1.78.0.jar:/Users/andrei/.m2/repository/com/google/http-client/google-http-client/1.30.1/google-http-client-1.30.1.jar:/Users/andrei/.m2/repository/org/apache/httpcomponents/httpclient/4.5.9/httpclient-4.5.9.jar:/Users/andrei/.m2/repository/org/apache/httpcomponents/httpcore/4.4.11/httpcore-4.4.11.jar:/Users/andrei/.m2/repository/commons-codec/commons-codec/1.11/commons-codec-1.11.jar:/Users/andrei/.m2/repository/io/opencensus/opencensus-contrib-http-util/0.21.0/opencensus-contrib-http-util-0.21.0.jar:/Users/andrei/.m2/repository/com/google/api/api-common/1.8.1/api-common-1.8.1.jar:/Users/andrei/.m2/repository/com/google/api/gax/1.45.0/gax-1.45.0.jar:/Users/andrei/.m2/repository/org/threeten/threetenbp/1.3.3/threetenbp-1.3.3.jar:/Users/andrei/.m2/repository/com/google/auth/google-auth-library-oauth2-http/0.16.1/google-auth-library-oauth2-http-0.16.1.jar:/Users/andrei/.m2/repository/com/google/auth/google-auth-library-credentials/0.16.1/google-auth-library-credentials-0.16.1.jar:/Users/andrei/.m2/repository/com/google/http-client/google-http-client-jackson2/1.30.1/google-http-client-jackson2-1.30.1.jar:/Users/andrei/.m2/repository/com/google/api/grpc/proto-google-common-protos/1.16.0/proto-google-common-protos-1.16.0.jar:/Users/andrei/.m2/repository/com/google/api/grpc/proto-google-iam-v1/0.12.0/proto-google-iam-v1-0.12.0.jar:/Users/andrei/.m2/repository/org/springframework/spring-context/5.1.9.RELEASE/spring-context-5.1.9.RELEASE.jar:/Users/andrei/.m2/repository/org/springframework/spring-aop/5.1.9.RELEASE/spring-aop-5.1.9.RELEASE.jar:/Users/andrei/.m2/repository/org/springframework/spring-expression/5.1.9.RELEASE/spring-expression-5.1.9.RELEASE.jar:/Users/andrei/.m2/repository/org/springframework/cloud/spring-cloud-gcp-autoconfigure/1.1.2.RELEASE/spring-cloud-gcp-autoconfigure-1.1.2.RELEASE.jar:/Users/andrei/.m2/repository/org/springframework/boot/spring-boot-autoconfigure/2.1.7.RELEASE/spring-boot-autoconfigure-2.1.7.RELEASE.jar:/Users/andrei/.m2/repository/org/springframework/boot/spring-boot-starter/2.1.7.RELEASE/spring-boot-starter-2.1.7.RELEASE.jar:/Users/andrei/.m2/repository/org/springframework/boot/spring-boot/2.1.7.RELEASE/spring-boot-2.1.7.RELEASE.jar:/Users/andrei/.m2/repository/org/springframework/boot/spring-boot-starter-logging/2.1.7.RELEASE/spring-boot-starter-logging-2.1.7.RELEASE.jar:/Users/andrei/.m2/repository/ch/qos/logback/logback-classic/1.2.3/logback-classic-1.2.3.jar:/Users/andrei/.m2/repository/ch/qos/logback/logback-core/1.2.3/logback-core-1.2.3.jar:/Users/andrei/.m2/repository/org/apache/logging/log4j/log4j-to-slf4j/2.11.2/log4j-to-slf4j-2.11.2.jar:/Users/andrei/.m2/repository/org/apache/logging/log4j/log4j-api/2.11.2/log4j-api-2.11.2.jar:/Users/andrei/.m2/repository/org/slf4j/jul-to-slf4j/1.7.26/jul-to-slf4j-1.7.26.jar:/Users/andrei/.m2/repository/javax/annotation/javax.annotation-api/1.3.2/javax.annotation-api-1.3.2.jar:/Users/andrei/.m2/repository/org/yaml/snakeyaml/1.23/snakeyaml-1.23.jar:/Users/andrei/.m2/repository/org/slf4j/slf4j-api/1.7.26/slf4j-api-1.7.26.jar:/Users/andrei/.m2/repository/io/github/lognet/grpc-spring-boot-starter/3.2.0/grpc-spring-boot-starter-3.2.0.jar:/Users/andrei/.m2/repository/io/grpc/grpc-netty/1.19.0/grpc-netty-1.19.0.jar:/Users/andrei/.m2/repository/io/grpc/grpc-core/1.19.0/grpc-core-1.19.0.jar:/Users/andrei/.m2/repository/io/grpc/grpc-context/1.19.0/grpc-context-1.19.0.jar:/Users/andrei/.m2/repository/com/google/code/gson/gson/2.8.5/gson-2.8.5.jar:/Users/andrei/.m2/repository/io/opencensus/opencensus-api/0.19.2/opencensus-api-0.19.2.jar:/Users/andrei/.m2/repository/io/opencensus/opencensus-contrib-grpc-metrics/0.19.2/opencensus-contrib-grpc-metrics-0.19.2.jar:/Users/andrei/.m2/repository/io/netty/netty-codec-http2/4.1.38.Final/netty-codec-http2-4.1.38.Final.jar:/Users/andrei/.m2/repository/io/netty/netty-common/4.1.38.Final/netty-common-4.1.38.Final.jar:/Users/andrei/.m2/repository/io/netty/netty-buffer/4.1.38.Final/netty-buffer-4.1.38.Final.jar:/Users/andrei/.m2/repository/io/netty/netty-transport/4.1.38.Final/netty-transport-4.1.38.Final.jar:/Users/andrei/.m2/repository/io/netty/netty-resolver/4.1.38.Final/netty-resolver-4.1.38.Final.jar:/Users/andrei/.m2/repository/io/netty/netty-codec/4.1.38.Final/netty-codec-4.1.38.Final.jar:/Users/andrei/.m2/repository/io/netty/netty-handler/4.1.38.Final/netty-handler-4.1.38.Final.jar:/Users/andrei/.m2/repository/io/netty/netty-codec-http/4.1.38.Final/netty-codec-http-4.1.38.Final.jar:/Users/andrei/.m2/repository/io/netty/netty-handler-proxy/4.1.38.Final/netty-handler-proxy-4.1.38.Final.jar:/Users/andrei/.m2/repository/io/netty/netty-codec-socks/4.1.38.Final/netty-codec-socks-4.1.38.Final.jar:/Users/andrei/.m2/repository/io/grpc/grpc-services/1.19.0/grpc-services-1.19.0.jar:/Users/andrei/.m2/repository/io/grpc/grpc-protobuf/1.19.0/grpc-protobuf-1.19.0.jar:/Users/andrei/.m2/repository/com/google/protobuf/protobuf-java/3.6.1/protobuf-java-3.6.1.jar:/Users/andrei/.m2/repository/io/grpc/grpc-protobuf-lite/1.19.0/grpc-protobuf-lite-1.19.0.jar:/Users/andrei/.m2/repository/io/grpc/grpc-stub/1.19.0/grpc-stub-1.19.0.jar:/Users/andrei/.m2/repository/com/google/protobuf/protobuf-java-util/3.6.1/protobuf-java-util-3.6.1.jar:/Users/andrei/.m2/repository/com/google/re2j/re2j/1.2/re2j-1.2.jar:/Users/andrei/.m2/repository/org/springframework/boot/spring-boot-starter-activemq/2.1.7.RELEASE/spring-boot-starter-activemq-2.1.7.RELEASE.jar:/Users/andrei/.m2/repository/org/springframework/spring-jms/5.1.9.RELEASE/spring-jms-5.1.9.RELEASE.jar:/Users/andrei/.m2/repository/org/springframework/spring-beans/5.1.9.RELEASE/spring-beans-5.1.9.RELEASE.jar:/Users/andrei/.m2/repository/org/springframework/spring-messaging/5.1.9.RELEASE/spring-messaging-5.1.9.RELEASE.jar:/Users/andrei/.m2/repository/org/springframework/spring-tx/5.1.9.RELEASE/spring-tx-5.1.9.RELEASE.jar:/Users/andrei/.m2/repository/org/apache/activemq/activemq-broker/5.15.9/activemq-broker-5.15.9.jar:/Users/andrei/.m2/repository/org/apache/activemq/activemq-client/5.15.9/activemq-client-5.15.9.jar:/Users/andrei/.m2/repository/org/fusesource/hawtbuf/hawtbuf/1.11/hawtbuf-1.11.jar:/Users/andrei/.m2/repository/org/apache/geronimo/specs/geronimo-j2ee-management_1.1_spec/1.0.1/geronimo-j2ee-management_1.1_spec-1.0.1.jar:/Users/andrei/.m2/repository/org/apache/activemq/activemq-openwire-legacy/5.15.9/activemq-openwire-legacy-5.15.9.jar:/Users/andrei/.m2/repository/com/fasterxml/jackson/core/jackson-databind/2.9.9/jackson-databind-2.9.9.jar:/Users/andrei/.m2/repository/com/fasterxml/jackson/core/jackson-annotations/2.9.0/jackson-annotations-2.9.0.jar:/Users/andrei/.m2/repository/com/fasterxml/jackson/core/jackson-core/2.9.9/jackson-core-2.9.9.jar:/Users/andrei/.m2/repository/javax/jms/javax.jms-api/2.0.1/javax.jms-api-2.0.1.jar:/Users/andrei/.m2/repository/org/springframework/boot/spring-boot-starter-jdbc/2.1.7.RELEASE/spring-boot-starter-jdbc-2.1.7.RELEASE.jar:/Users/andrei/.m2/repository/com/zaxxer/HikariCP/3.2.0/HikariCP-3.2.0.jar:/Users/andrei/.m2/repository/org/springframework/spring-jdbc/5.1.9.RELEASE/spring-jdbc-5.1.9.RELEASE.jar:/Users/andrei/.m2/repository/org/hsqldb/hsqldb/2.4.1/hsqldb-2.4.1.jar:/Users/andrei/.m2/repository/org/springframework/boot/spring-boot-starter-test/2.1.7.RELEASE/spring-boot-starter-test-2.1.7.RELEASE.jar:/Users/andrei/.m2/repository/org/springframework/boot/spring-boot-test/2.1.7.RELEASE/spring-boot-test-2.1.7.RELEASE.jar:/Users/andrei/.m2/repository/org/springframework/boot/spring-boot-test-autoconfigure/2.1.7.RELEASE/spring-boot-test-autoconfigure-2.1.7.RELEASE.jar:/Users/andrei/.m2/repository/com/jayway/jsonpath/json-path/2.4.0/json-path-2.4.0.jar:/Users/andrei/.m2/repository/net/minidev/json-smart/2.3/json-smart-2.3.jar:/Users/andrei/.m2/repository/net/minidev/accessors-smart/1.2/accessors-smart-1.2.jar:/Users/andrei/.m2/repository/org/ow2/asm/asm/5.0.4/asm-5.0.4.jar:/Users/andrei/.m2/repository/junit/junit/4.12/junit-4.12.jar:/Users/andrei/.m2/repository/org/assertj/assertj-core/3.11.1/assertj-core-3.11.1.jar:/Users/andrei/.m2/repository/org/mockito/mockito-core/2.23.4/mockito-core-2.23.4.jar:/Users/andrei/.m2/repository/net/bytebuddy/byte-buddy/1.9.16/byte-buddy-1.9.16.jar:/Users/andrei/.m2/repository/net/bytebuddy/byte-buddy-agent/1.9.16/byte-buddy-agent-1.9.16.jar:/Users/andrei/.m2/repository/org/objenesis/objenesis/2.6/objenesis-2.6.jar:/Users/andrei/.m2/repository/org/hamcrest/hamcrest-core/1.3/hamcrest-core-1.3.jar:/Users/andrei/.m2/repository/org/hamcrest/hamcrest-library/1.3/hamcrest-library-1.3.jar:/Users/andrei/.m2/repository/org/skyscreamer/jsonassert/1.5.0/jsonassert-1.5.0.jar:/Users/andrei/.m2/repository/com/vaadin/external/google/android-json/0.0.20131108.vaadin1/android-json-0.0.20131108.vaadin1.jar:/Users/andrei/.m2/repository/org/springframework/spring-core/5.1.9.RELEASE/spring-core-5.1.9.RELEASE.jar:/Users/andrei/.m2/repository/org/springframework/spring-jcl/5.1.9.RELEASE/spring-jcl-5.1.9.RELEASE.jar:/Users/andrei/.m2/repository/org/springframework/spring-test/5.1.9.RELEASE/spring-test-5.1.9.RELEASE.jar:/Users/andrei/.m2/repository/org/xmlunit/xmlunit-core/2.6.3/xmlunit-core-2.6.3.jar:"/>
    <property name="sun.cpu.endian" value="little"/>
    <property name="user.home" value="/Users/andrei"/>
    <property name="user.language" value="en"/>
    <property name="java.specification.vendor" value="Oracle Corporation"/>
    <property name="java.home" value="/Library/Java/JavaVirtualMachines/jdk1.8.0_202.jdk/Contents/Home/jre"/>
    <property name="basedir" value="/Volumes/Untitled/research/kub_multi/grpc-by-example-java/springboot-example-lognet"/>
    <property name="file.separator" value="/"/>
    <property name="line.separator" value="&#10;"/>
    <property name="java.vm.specification.vendor" value="Oracle Corporation"/>
    <property name="java.specification.name" value="Java Platform API Specification"/>
    <property name="java.awt.graphicsenv" value="sun.awt.CGraphicsEnvironment"/>
    <property name="surefire.real.class.path" value="/Volumes/Untitled/research/kub_multi/grpc-by-example-java/springboot-example-lognet/target/surefire/surefirebooter4043206351565929936.jar"/>
    <property name="sun.boot.class.path" value="/Library/Java/JavaVirtualMachines/jdk1.8.0_202.jdk/Contents/Home/jre/lib/resources.jar:/Library/Java/JavaVirtualMachines/jdk1.8.0_202.jdk/Contents/Home/jre/lib/rt.jar:/Library/Java/JavaVirtualMachines/jdk1.8.0_202.jdk/Contents/Home/jre/lib/sunrsasign.jar:/Library/Java/JavaVirtualMachines/jdk1.8.0_202.jdk/Contents/Home/jre/lib/jsse.jar:/Library/Java/JavaVirtualMachines/jdk1.8.0_202.jdk/Contents/Home/jre/lib/jce.jar:/Library/Java/JavaVirtualMachines/jdk1.8.0_202.jdk/Contents/Home/jre/lib/charsets.jar:/Library/Java/JavaVirtualMachines/jdk1.8.0_202.jdk/Contents/Home/jre/lib/jfr.jar:/Library/Java/JavaVirtualMachines/jdk1.8.0_202.jdk/Contents/Home/jre/classes"/>
    <property name="sun.management.compiler" value="HotSpot 64-Bit Tiered Compilers"/>
    <property name="ftp.nonProxyHosts" value="local|*.local|169.254/16|*.169.254/16"/>
    <property name="java.runtime.version" value="1.8.0_202-b08"/>
    <property name="user.name" value="andrei"/>
    <property name="path.separator" value=":"/>
    <property name="os.version" value="10.14.6"/>
    <property name="java.endorsed.dirs" value="/Library/Java/JavaVirtualMachines/jdk1.8.0_202.jdk/Contents/Home/jre/lib/endorsed"/>
    <property name="java.runtime.name" value="Java(TM) SE Runtime Environment"/>
    <property name="file.encoding" value="UTF-8"/>
    <property name="java.vm.name" value="Java HotSpot(TM) 64-Bit Server VM"/>
    <property name="localRepository" value="/Users/andrei/.m2/repository"/>
    <property name="java.vendor.url.bug" value="http://bugreport.sun.com/bugreport/"/>
    <property name="java.io.tmpdir" value="/var/folders/59/k2xnww752bz6gym9_9lszmh80000gn/T/"/>
    <property name="java.version" value="1.8.0_202"/>
    <property name="user.dir" value="/Volumes/Untitled/research/kub_multi/grpc-by-example-java/springboot-example-lognet"/>
    <property name="os.arch" value="x86_64"/>
    <property name="java.vm.specification.name" value="Java Virtual Machine Specification"/>
    <property name="java.awt.printerjob" value="sun.lwawt.macosx.CPrinterJob"/>
    <property name="sun.os.patch.level" value="unknown"/>
    <property name="java.library.path" value="/Users/andrei/Library/Java/Extensions:/Library/Java/Extensions:/Network/Library/Java/Extensions:/System/Library/Java/Extensions:/usr/lib/java:."/>
    <property name="java.vm.info" value="mixed mode"/>
    <property name="java.vendor" value="Oracle Corporation"/>
    <property name="java.vm.version" value="25.202-b08"/>
    <property name="java.ext.dirs" value="/Users/andrei/Library/Java/Extensions:/Library/Java/JavaVirtualMachines/jdk1.8.0_202.jdk/Contents/Home/jre/lib/ext:/Library/Java/Extensions:/Network/Library/Java/Extensions:/System/Library/Java/Extensions:/usr/lib/java"/>
    <property name="sun.io.unicode.encoding" value="UnicodeBig"/>
    <property name="java.class.version" value="52.0"/>
    <property name="socksNonProxyHosts" value="local|*.local|169.254/16|*.169.254/16"/>
  </properties>
  <testcase name="contextLoads" classname="com.example.demo.DemoApplicationTests" time="0.377"/>
</testsuite>